<?xml version="1.0" encoding="UTF-8"?>
<!-- Generated by org.testng.reporters.JUnitReportReporter -->
<testsuite hostname="lap-kalpeshs" failures="0" tests="3" name="test.CreateCollectorTest" time="143.866" errors="0" timestamp="2023-06-26T15:18:31 IST" skipped="0">
  <testcase classname="test.CreateCollectorTest" name="LoginTestCases" time="78.872"/>
  <testcase classname="test.CreateCollectorTest" name="CreateCollectortTestCases" time="51.476"/>
  <testcase classname="test.CreateCollectorTest" name="PublishCollectorLayerTestCases" time="13.518"/>
</testsuite> <!-- test.CreateCollectorTest -->
