<?xml version="1.0" encoding="UTF-8"?>
<!-- Generated by org.testng.reporters.JUnitReportReporter -->
<testsuite hostname="DESKTOP-KA9533D" failures="0" tests="13" name="test.IntelomaticEndtoEnd" time="378.373" errors="0" timestamp="2023-06-30T19:53:37 IST" skipped="0">
  <testcase classname="test.IntelomaticEndtoEnd" name="LoginTestCases" time="60.731"/>
  <testcase classname="test.IntelomaticEndtoEnd" name="CreateCollectortTestCases" time="94.208"/>
  <testcase classname="test.IntelomaticEndtoEnd" name="PreviewCollectortTestCases" time="8.404"/>
  <testcase classname="test.IntelomaticEndtoEnd" name="EditCollectortTestCases" time="23.786"/>
  <testcase classname="test.IntelomaticEndtoEnd" name="CreateNewCollectortTestCases" time="27.801"/>
  <testcase classname="test.IntelomaticEndtoEnd" name="SearchPageTestCases" time="27.037"/>
  <testcase classname="test.IntelomaticEndtoEnd" name="FilterPageTestCases" time="35.128"/>
  <testcase classname="test.IntelomaticEndtoEnd" name="SelectCollectorLayertTestCases" time="10.392"/>
  <testcase classname="test.IntelomaticEndtoEnd" name="RemoveCollectortTestCases" time="9.181"/>
  <testcase classname="test.IntelomaticEndtoEnd" name="PublishCollectortTestCases" time="16.570"/>
  <testcase classname="test.IntelomaticEndtoEnd" name="NewCreateCollectortTestCases" time="36.611"/>
  <testcase classname="test.IntelomaticEndtoEnd" name="PublishAllCollectorsTestCases" time="25.931"/>
  <testcase classname="test.IntelomaticEndtoEnd" name="LogoutTestCase" time="2.593"/>
</testsuite> <!-- test.IntelomaticEndtoEnd -->
