<?xml version="1.0" encoding="UTF-8"?>
<!-- Generated by org.testng.reporters.JUnitReportReporter -->
<testsuite hostname="DESKTOP-KA9533D" failures="0" tests="2" name="test.LoginTest" time="71.829" errors="0" timestamp="2023-06-28T11:18:43 IST" skipped="0">
  <testcase classname="test.LoginTest" name="LoginTestCases" time="67.930"/>
  <testcase classname="test.LoginTest" name="LogoutTestCase" time="3.899"/>
</testsuite> <!-- test.LoginTest -->
