<?xml version="1.0" encoding="UTF-8"?>
<!-- Generated by org.testng.reporters.JUnitReportReporter -->
<testsuite hostname="DESKTOP-KA9533D" failures="0" tests="2" name="test.LoginTest" time="76.140" errors="0" timestamp="2023-06-30T21:08:31 IST" skipped="0">
  <testcase classname="test.LoginTest" name="LoginTestCases" time="72.846"/>
  <testcase classname="test.LoginTest" name="LogoutTestCase" time="3.294"/>
</testsuite> <!-- test.LoginTest -->
