<?xml version="1.0" encoding="UTF-8"?>
<!-- Generated by org.testng.reporters.JUnitReportReporter -->
<testsuite hostname="DESKTOP-KA9533D" failures="0" tests="1" name="base.Common" time="61.297" errors="0" timestamp="2023-06-12T19:01:48 IST" skipped="0">
  <testcase classname="base.Common" name="Test1" time="61.297"/>
</testsuite> <!-- base.Common -->
