<?xml version="1.0" encoding="UTF-8"?>
<!-- Generated by org.testng.reporters.JUnitReportReporter -->
<testsuite hostname="DESKTOP-KA9533D" failures="0" tests="2" name="test.LoginTest" time="73.182" errors="0" timestamp="2023-06-29T23:40:34 IST" skipped="0">
  <testcase classname="test.LoginTest" name="LoginTestCases" time="70.186"/>
  <testcase classname="test.LoginTest" name="LogoutTestCase" time="2.996"/>
</testsuite> <!-- test.LoginTest -->
