<?xml version="1.0" encoding="UTF-8"?>
<!-- Generated by org.testng.reporters.JUnitReportReporter -->
<testsuite hostname="DESKTOP-KA9533D" failures="0" tests="2" name="test.LoginTest" time="73.753" errors="0" timestamp="2023-06-30T22:39:48 IST" skipped="0">
  <testcase classname="test.LoginTest" name="LoginTestCases" time="69.545"/>
  <testcase classname="test.LoginTest" name="LogoutTestCase" time="4.208"/>
</testsuite> <!-- test.LoginTest -->
